0 info it worked if it ends with ok
1 verbose cli [ 'c:\\Program Files\\nodejs\\node.exe',
1 verbose cli   'c:\\Program Files\\nodejs\\node_modules\\npm\\bin\\npm-cli.js',
1 verbose cli   'start' ]
2 info using npm@3.10.10
3 info using node@v6.9.4
4 verbose run-script [ 'prestart', 'start', 'poststart' ]
5 info lifecycle less@1.0.0~prestart: less@1.0.0
6 silly lifecycle less@1.0.0~prestart: no script for prestart, continuing
7 info lifecycle less@1.0.0~start: less@1.0.0
8 verbose lifecycle less@1.0.0~start: unsafe-perm in lifecycle true
9 verbose lifecycle less@1.0.0~start: PATH: c:\Program Files\nodejs\node_modules\npm\bin\node-gyp-bin;c:\Users\shrouk'\desktop\less\node_modules\.bin;c:\Users\shrouk'\bin;.;C:\Program Files (x86)\Git\local\bin;C:\Program Files (x86)\Git\mingw\bin;C:\Program Files (x86)\Git\bin;c:\ProgramData\Oracle\Java\javapath;c:\Windows\system32;c:\Windows;c:\Windows\System32\Wbem;c:\Windows\System32\WindowsPowerShell\v1.0\;c:\Program Files\nodejs\;c:\Program Files (x86)\QuickTime Alternative\QTSystem;c:\Users\shrouk'\AppData\Roaming\npm;c:\Users\shrouk'\AppData\Local\atom\bin;c:\Program Files (x86)\Microsoft VS Code\bin
10 verbose lifecycle less@1.0.0~start: CWD: c:\Users\shrouk'\desktop\less
11 silly lifecycle less@1.0.0~start: Args: [ '/d /s /c', 'gulp' ]
12 silly lifecycle less@1.0.0~start: Returned: code: 3221225786  signal: null
13 info lifecycle less@1.0.0~start: Failed to exec start script
14 verbose stack Error: less@1.0.0 start: `gulp`
14 verbose stack Exit status 3221225786
14 verbose stack     at EventEmitter.<anonymous> (c:\Program Files\nodejs\node_modules\npm\lib\utils\lifecycle.js:255:16)
14 verbose stack     at emitTwo (events.js:106:13)
14 verbose stack     at EventEmitter.emit (events.js:191:7)
14 verbose stack     at ChildProcess.<anonymous> (c:\Program Files\nodejs\node_modules\npm\lib\utils\spawn.js:40:14)
14 verbose stack     at emitTwo (events.js:106:13)
14 verbose stack     at ChildProcess.emit (events.js:191:7)
14 verbose stack     at maybeClose (internal/child_process.js:877:16)
14 verbose stack     at Process.ChildProcess._handle.onexit (internal/child_process.js:226:5)
15 verbose pkgid less@1.0.0
16 verbose cwd c:\Users\shrouk'\desktop\less
17 error Windows_NT 6.3.9600
18 error argv "c:\\Program Files\\nodejs\\node.exe" "c:\\Program Files\\nodejs\\node_modules\\npm\\bin\\npm-cli.js" "start"
19 error node v6.9.4
20 error npm  v3.10.10
21 error code ELIFECYCLE
22 error less@1.0.0 start: `gulp`
22 error Exit status 3221225786
23 error Failed at the less@1.0.0 start script 'gulp'.
23 error Make sure you have the latest version of node.js and npm installed.
23 error If you do, this is most likely a problem with the less package,
23 error not with npm itself.
23 error Tell the author that this fails on your system:
23 error     gulp
23 error You can get information on how to open an issue for this project with:
23 error     npm bugs less
23 error Or if that isn't available, you can get their info via:
23 error     npm owner ls less
23 error There is likely additional logging output above.
24 verbose exit [ 1, true ]
